<?xml version="1.0" encoding="UTF-8"?>
<testng-results ignored="0" total="1" passed="1" failed="0" skipped="0">
  <reporter-output>
  </reporter-output>
  <suite started-at="2022-08-17T22:10:46 IST" name="Suite" finished-at="2022-08-17T22:11:05 IST" duration-ms="18963">
    <groups>
    </groups>
    <test started-at="2022-08-17T22:10:46 IST" name="Test" finished-at="2022-08-17T22:11:05 IST" duration-ms="18963">
      <class name="com.anj.TCLoginTest">
        <test-method signature="login_Test()[pri:0, instance:com.anj.TCLoginTest@222545dc]" started-at="2022-08-17T22:10:46 IST" name="login_Test" finished-at="2022-08-17T22:11:05 IST" duration-ms="18884" status="PASS">
          <reporter-output>
          </reporter-output>
        </test-method> <!-- login_Test -->
      </class> <!-- com.anj.TCLoginTest -->
    </test> <!-- Test -->
  </suite> <!-- Suite -->
</testng-results>
